<?xml version="1.0" encoding="UTF-8"?>
<!-- Generated by org.testng.reporters.JUnitXMLReporter -->
<testsuite hostname="DESKTOP-O3LI34K" name="finalProject" tests="2" failures="1" timestamp="10 Jun 2020 11:30:31 GMT" time="83.189" errors="0">
  <testcase name="loginPage" time="16.01" classname="com.test.InvalidLogin">
    <failure type="java.lang.AssertionError" message="success expected [false] but found [true]">
      <![CDATA[java.lang.AssertionError: success expected [false] but found [true]
	at com.test.InvalidLogin.loginPage(InvalidLogin.java:36)
... Removed 27 stack frames]]>
    </failure>
  </testcase> <!-- loginPage -->
  <testcase name="loginPage" time="3.205" classname="com.test.ValidLogin"/>
</testsuite> <!-- finalProject -->
